2019-10-29 14:30:40.292 - Info	
Packing C:\Users\VadivelM\Desktop\ButtonControl_BIDS\ButtonControl\PCFControls\obj\Debug\ to bin\Debug\\PCFControls.zip and bin\Debug\PCFControls_managed.zip

2019-10-29 14:30:40.309 - Info	Processing Component: Entities
2019-10-29 14:30:40.314 - Info	Processing Component: Roles
2019-10-29 14:30:40.317 - Info	Processing Component: Workflows
2019-10-29 14:30:40.317 - Info	Processing Component: FieldSecurityProfiles
2019-10-29 14:30:40.317 - Info	Processing Component: Templates
2019-10-29 14:30:40.319 - Info	Processing Component: EntityMaps
2019-10-29 14:30:40.319 - Info	Processing Component: EntityRelationships
2019-10-29 14:30:40.326 - Info	Processing Component: OrganizationSettings
2019-10-29 14:30:40.326 - Info	Processing Component: optionsets
2019-10-29 14:30:40.326 - Info	Processing Component: CustomControls
2019-10-29 14:30:40.334 - Info	 - BIDS.ButtonControl
2019-10-29 14:30:40.346 - Info	Processing Component: EntityDataProviders
2019-10-29 14:30:40.380 - Info	
Unmanaged Pack complete.

2019-10-29 14:30:40.382 - Info	Processing Component: Entities
2019-10-29 14:30:40.382 - Info	Processing Component: Roles
2019-10-29 14:30:40.382 - Info	Processing Component: Workflows
2019-10-29 14:30:40.383 - Info	Processing Component: FieldSecurityProfiles
2019-10-29 14:30:40.383 - Info	Processing Component: Templates
2019-10-29 14:30:40.383 - Info	Processing Component: EntityMaps
2019-10-29 14:30:40.383 - Info	Processing Component: EntityRelationships
2019-10-29 14:30:40.384 - Info	Processing Component: OrganizationSettings
2019-10-29 14:30:40.384 - Info	Processing Component: optionsets
2019-10-29 14:30:40.385 - Info	Processing Component: CustomControls
2019-10-29 14:30:40.387 - Info	 - BIDS.ButtonControl
2019-10-29 14:30:40.390 - Info	Processing Component: EntityDataProviders
2019-10-29 14:30:40.406 - Info	
Managed Pack complete.

2019-10-29 14:55:04.063 - Info	
Packing C:\Users\VadivelM\Desktop\ButtonControl_BIDS\ButtonControl\PCFControls\obj\Debug\ to bin\Debug\\PCFControls.zip and bin\Debug\PCFControls_managed.zip

2019-10-29 14:55:04.077 - Info	Processing Component: Entities
2019-10-29 14:55:04.082 - Info	Processing Component: Roles
2019-10-29 14:55:04.085 - Info	Processing Component: Workflows
2019-10-29 14:55:04.086 - Info	Processing Component: FieldSecurityProfiles
2019-10-29 14:55:04.086 - Info	Processing Component: Templates
2019-10-29 14:55:04.087 - Info	Processing Component: EntityMaps
2019-10-29 14:55:04.088 - Info	Processing Component: EntityRelationships
2019-10-29 14:55:04.093 - Info	Processing Component: OrganizationSettings
2019-10-29 14:55:04.094 - Info	Processing Component: optionsets
2019-10-29 14:55:04.094 - Info	Processing Component: CustomControls
2019-10-29 14:55:04.102 - Info	 - BIDS.ButtonControl
2019-10-29 14:55:04.112 - Info	Processing Component: EntityDataProviders
2019-10-29 14:55:04.140 - Info	
Unmanaged Pack complete.

2019-10-29 14:55:04.143 - Info	Processing Component: Entities
2019-10-29 14:55:04.143 - Info	Processing Component: Roles
2019-10-29 14:55:04.143 - Info	Processing Component: Workflows
2019-10-29 14:55:04.144 - Info	Processing Component: FieldSecurityProfiles
2019-10-29 14:55:04.144 - Info	Processing Component: Templates
2019-10-29 14:55:04.144 - Info	Processing Component: EntityMaps
2019-10-29 14:55:04.145 - Info	Processing Component: EntityRelationships
2019-10-29 14:55:04.145 - Info	Processing Component: OrganizationSettings
2019-10-29 14:55:04.145 - Info	Processing Component: optionsets
2019-10-29 14:55:04.146 - Info	Processing Component: CustomControls
2019-10-29 14:55:04.148 - Info	 - BIDS.ButtonControl
2019-10-29 14:55:04.152 - Info	Processing Component: EntityDataProviders
2019-10-29 14:55:04.167 - Info	
Managed Pack complete.

2019-10-29 15:12:44.109 - Info	
Packing C:\Users\VadivelM\Desktop\ButtonControl_BIDS\ButtonControl\PCFControls\obj\Debug\ to bin\Debug\\PCFControls.zip and bin\Debug\PCFControls_managed.zip

2019-10-29 15:12:44.123 - Info	Processing Component: Entities
2019-10-29 15:12:44.128 - Info	Processing Component: Roles
2019-10-29 15:12:44.131 - Info	Processing Component: Workflows
2019-10-29 15:12:44.132 - Info	Processing Component: FieldSecurityProfiles
2019-10-29 15:12:44.132 - Info	Processing Component: Templates
2019-10-29 15:12:44.134 - Info	Processing Component: EntityMaps
2019-10-29 15:12:44.134 - Info	Processing Component: EntityRelationships
2019-10-29 15:12:44.141 - Info	Processing Component: OrganizationSettings
2019-10-29 15:12:44.142 - Info	Processing Component: optionsets
2019-10-29 15:12:44.142 - Info	Processing Component: CustomControls
2019-10-29 15:12:44.152 - Info	 - BIDS.ButtonControl
2019-10-29 15:12:44.163 - Info	Processing Component: EntityDataProviders
2019-10-29 15:12:44.194 - Info	
Unmanaged Pack complete.

2019-10-29 15:12:44.196 - Info	Processing Component: Entities
2019-10-29 15:12:44.196 - Info	Processing Component: Roles
2019-10-29 15:12:44.197 - Info	Processing Component: Workflows
2019-10-29 15:12:44.197 - Info	Processing Component: FieldSecurityProfiles
2019-10-29 15:12:44.197 - Info	Processing Component: Templates
2019-10-29 15:12:44.197 - Info	Processing Component: EntityMaps
2019-10-29 15:12:44.198 - Info	Processing Component: EntityRelationships
2019-10-29 15:12:44.198 - Info	Processing Component: OrganizationSettings
2019-10-29 15:12:44.199 - Info	Processing Component: optionsets
2019-10-29 15:12:44.199 - Info	Processing Component: CustomControls
2019-10-29 15:12:44.201 - Info	 - BIDS.ButtonControl
2019-10-29 15:12:44.205 - Info	Processing Component: EntityDataProviders
2019-10-29 15:12:44.224 - Info	
Managed Pack complete.

2019-10-29 15:44:29.150 - Info	
Packing C:\Users\VadivelM\Desktop\ButtonControl_BIDS\ButtonControl\PCFControls\obj\Debug\ to bin\Debug\\PCFControls.zip and bin\Debug\PCFControls_managed.zip

2019-10-29 15:44:29.169 - Info	Processing Component: Entities
2019-10-29 15:44:29.175 - Info	Processing Component: Roles
2019-10-29 15:44:29.180 - Info	Processing Component: Workflows
2019-10-29 15:44:29.181 - Info	Processing Component: FieldSecurityProfiles
2019-10-29 15:44:29.182 - Info	Processing Component: Templates
2019-10-29 15:44:29.183 - Info	Processing Component: EntityMaps
2019-10-29 15:44:29.183 - Info	Processing Component: EntityRelationships
2019-10-29 15:44:29.193 - Info	Processing Component: OrganizationSettings
2019-10-29 15:44:29.194 - Info	Processing Component: optionsets
2019-10-29 15:44:29.195 - Info	Processing Component: CustomControls
2019-10-29 15:44:29.207 - Info	 - BIDS.ButtonControl
2019-10-29 15:44:29.223 - Info	Processing Component: EntityDataProviders
2019-10-29 15:44:29.269 - Info	
Unmanaged Pack complete.

2019-10-29 15:44:29.271 - Info	Processing Component: Entities
2019-10-29 15:44:29.271 - Info	Processing Component: Roles
2019-10-29 15:44:29.272 - Info	Processing Component: Workflows
2019-10-29 15:44:29.272 - Info	Processing Component: FieldSecurityProfiles
2019-10-29 15:44:29.272 - Info	Processing Component: Templates
2019-10-29 15:44:29.272 - Info	Processing Component: EntityMaps
2019-10-29 15:44:29.273 - Info	Processing Component: EntityRelationships
2019-10-29 15:44:29.273 - Info	Processing Component: OrganizationSettings
2019-10-29 15:44:29.274 - Info	Processing Component: optionsets
2019-10-29 15:44:29.274 - Info	Processing Component: CustomControls
2019-10-29 15:44:29.277 - Info	 - BIDS.ButtonControl
2019-10-29 15:44:29.282 - Info	Processing Component: EntityDataProviders
2019-10-29 15:44:29.302 - Info	
Managed Pack complete.

